<?xml version="1.0" encoding="UTF-8"?>
<testng-results ignored="0" total="2" passed="2" failed="0" skipped="0">
  <reporter-output>
  </reporter-output>
  <suite started-at="2022-09-27T18:45:08 IST" name="RegressionSuite" finished-at="2022-09-27T18:45:08 IST" duration-ms="132">
    <groups>
    </groups>
    <test started-at="2022-09-27T18:45:08 IST" name="Test" finished-at="2022-09-27T18:45:08 IST" duration-ms="132">
      <class name="test1.NewtestNgclass">
        <test-method is-config="true" signature="beforeclass()[pri:0, instance:test1.NewtestNgclass@10e41621]" started-at="2022-09-27T18:45:08 IST" name="beforeclass" finished-at="2022-09-27T18:45:08 IST" duration-ms="18" status="PASS">
          <reporter-output>
          </reporter-output>
        </test-method> <!-- beforeclass -->
        <test-method is-config="true" signature="beforemethod()[pri:0, instance:test1.NewtestNgclass@10e41621]" started-at="2022-09-27T18:45:08 IST" name="beforemethod" finished-at="2022-09-27T18:45:08 IST" duration-ms="0" status="PASS">
          <reporter-output>
          </reporter-output>
        </test-method> <!-- beforemethod -->
        <test-method signature="test1()[pri:0, instance:test1.NewtestNgclass@10e41621]" started-at="2022-09-27T18:45:08 IST" name="test1" finished-at="2022-09-27T18:45:08 IST" duration-ms="16" status="PASS">
          <reporter-output>
          </reporter-output>
        </test-method> <!-- test1 -->
        <test-method is-config="true" signature="aftermethod()[pri:0, instance:test1.NewtestNgclass@10e41621]" started-at="2022-09-27T18:45:08 IST" name="aftermethod" finished-at="2022-09-27T18:45:08 IST" duration-ms="2" status="PASS">
          <reporter-output>
          </reporter-output>
        </test-method> <!-- aftermethod -->
        <test-method is-config="true" signature="beforemethod()[pri:0, instance:test1.NewtestNgclass@10e41621]" started-at="2022-09-27T18:45:08 IST" name="beforemethod" finished-at="2022-09-27T18:45:08 IST" duration-ms="1" status="PASS">
          <reporter-output>
          </reporter-output>
        </test-method> <!-- beforemethod -->
        <test-method signature="test2()[pri:0, instance:test1.NewtestNgclass@10e41621]" started-at="2022-09-27T18:45:08 IST" name="test2" finished-at="2022-09-27T18:45:08 IST" duration-ms="5" status="PASS">
          <reporter-output>
          </reporter-output>
        </test-method> <!-- test2 -->
        <test-method is-config="true" signature="aftermethod()[pri:0, instance:test1.NewtestNgclass@10e41621]" started-at="2022-09-27T18:45:08 IST" name="aftermethod" finished-at="2022-09-27T18:45:08 IST" duration-ms="0" status="PASS">
          <reporter-output>
          </reporter-output>
        </test-method> <!-- aftermethod -->
        <test-method is-config="true" signature="afterclass()[pri:0, instance:test1.NewtestNgclass@10e41621]" started-at="2022-09-27T18:45:08 IST" name="afterclass" finished-at="2022-09-27T18:45:08 IST" duration-ms="2" status="PASS">
          <reporter-output>
          </reporter-output>
        </test-method> <!-- afterclass -->
      </class> <!-- test1.NewtestNgclass -->
    </test> <!-- Test -->
  </suite> <!-- RegressionSuite -->
</testng-results>
